<?xml version="1.1" encoding="UTF-8"?>
<testsuite name="com.thoughtworks.accountbalance.AccountTests" tests="3" failures="0" errors="0" timestamp="2015-02-12T00:13:28" hostname="Tiffanys-MacBook-Pro.local" time="0.005">
  <properties/>
  <testcase name="shouldNotDecreaseMyBalanceWhenIWithdrawMoneyAndDoNotHaveEnoughToCoverTheWithdrawal" classname="com.thoughtworks.accountbalance.AccountTests" time="0.004"/>
  <testcase name="shouldIncreaseMyBalanceWhenIDepositMoney" classname="com.thoughtworks.accountbalance.AccountTests" time="0.0"/>
  <testcase name="shouldDecreaseMyBalanceWhenIWithdrawMoney" classname="com.thoughtworks.accountbalance.AccountTests" time="0.0"/>
  <system-out><![CDATA[]]></system-out>
  <system-err><![CDATA[]]></system-err>
</testsuite>
