<?xml version="1.1" encoding="UTF-8"?>
<testsuite name="com.thoughtworks.test_double.GreetingPrinterTest" tests="1" failures="0" errors="0" timestamp="2015-02-12T00:13:29" hostname="Tiffanys-MacBook-Pro.local" time="0.001">
  <properties/>
  <testcase name="shouldPrintGreeting" classname="com.thoughtworks.test_double.GreetingPrinterTest" time="0.001"/>
  <system-out><![CDATA[]]></system-out>
  <system-err><![CDATA[]]></system-err>
</testsuite>
